2018-02-15 12:03:17.573 [main] INFO  a00123456.Lab5 - 2018-02-15T20:03:17.571Z
2018-02-15 12:03:17.613 [main] DEBUG a00123456.Lab5 - Lab5()
2018-02-15 12:03:17.613 [main] DEBUG a00123456.Lab5 - run()
2018-02-15 12:03:17.613 [main] DEBUG a00123456.Lab5 - Reading the Customers Report from 'C:\201810 COMP 2613\05\A00123456Lab5\customers.txt'
2018-02-15 12:03:17.614 [main] DEBUG a00123456.io.CustomerReader - ReadingC:\201810 COMP 2613\05\A00123456Lab5\customers.txt
2018-02-15 12:03:17.615 [main] DEBUG a00123456.io.CustomerReader - Added Customer [id=1, firstName=Fred, lastName=Fish, street=5707 Sidley St, city=Burnaby, postalCode=V5J 5E6, phone=(604) 433-5004, emailAddress=fredfish@imperial.net, joinedDate=2008-03-22] as 1
2018-02-15 12:03:17.616 [main] DEBUG a00123456.io.CustomerReader - Added Customer [id=2, firstName=Laurie, lastName=Nash, street=2816 Commercial Dr, city=Vancouver, postalCode=V5N 4C6, phone=(604) 876-0182, emailAddress=laurieeenash@modern.com, joinedDate=2014-08-28] as 2
2018-02-15 12:03:17.616 [main] DEBUG a00123456.io.CustomerReader - Added Customer [id=3, firstName=Conrad, lastName=Washington, street=13479 King George Blvd, city=Surrey, postalCode=V3T 2T8, phone=(604) 588-4988, emailAddress=cwash@daytona.net, joinedDate=2011-07-12] as 3
2018-02-15 12:03:17.616 [main] DEBUG a00123456.io.CustomerReader - Added Customer [id=4, firstName=Jeanette, lastName=Price, street=21000 Westminster Hwy, city=Richmond, postalCode=V6V 2S9, phone=(604) 276-2552, emailAddress=priceizrite@pacific.com, joinedDate=2015-10-03] as 4
2018-02-15 12:03:17.616 [main] DEBUG a00123456.io.CustomerReader - Added Customer [id=5, firstName=Mark, lastName=Chan, street=3766 E 1st Ave, city=Burnaby, postalCode=V5C 3V9, phone=(604) 293-1022, emailAddress=mchan@hc.com, joinedDate=2010-04-01] as 5
2018-02-15 12:03:17.617 [main] DEBUG a00123456.Lab5 - Writing the Customers Report to 'C:\201810 COMP 2613\05\A00123456Lab5\customers_report.txt'
2018-02-15 12:03:17.617 [main] INFO  a00123456.io.CustomerReport - Customers Report
2018-02-15 12:03:17.618 [main] INFO  a00123456.io.CustomerReport - ----------------------------------------------------------------------------------------------------------------------------------------------
2018-02-15 12:03:17.618 [main] INFO  a00123456.io.CustomerReport -   #. ID     First name   Last name    Street                    City         Postal Code  Phone           Email                    Join Date
2018-02-15 12:03:17.618 [main] INFO  a00123456.io.CustomerReport - ----------------------------------------------------------------------------------------------------------------------------------------------
2018-02-15 12:03:17.623 [main] INFO  a00123456.io.CustomerReport -   1. 000001 Fred         Fish         5707 Sidley St            Burnaby      V5J 5E6      (604) 433-5004  fredfish@imperial.net    Mar 22 2008
2018-02-15 12:03:17.624 [main] INFO  a00123456.io.CustomerReport -   2. 000005 Mark         Chan         3766 E 1st Ave            Burnaby      V5C 3V9      (604) 293-1022  mchan@hc.com             Apr 01 2010
2018-02-15 12:03:17.624 [main] INFO  a00123456.io.CustomerReport -   3. 000003 Conrad       Washington   13479 King George Blvd    Surrey       V3T 2T8      (604) 588-4988  cwash@daytona.net        Jul 12 2011
2018-02-15 12:03:17.624 [main] INFO  a00123456.io.CustomerReport -   4. 000002 Laurie       Nash         2816 Commercial Dr        Vancouver    V5N 4C6      (604) 876-0182  laurieeenash@modern.com  Aug 28 2014
2018-02-15 12:03:17.625 [main] INFO  a00123456.io.CustomerReport -   5. 000004 Jeanette     Price        21000 Westminster Hwy     Richmond     V6V 2S9      (604) 276-2552  priceizrite@pacific.com  Oct 03 2015
2018-02-15 12:03:17.625 [main] INFO  a00123456.Lab5 - 2018-02-15T20:03:17.625Z
2018-02-15 12:03:17.625 [main] INFO  a00123456.Lab5 - Duration: 54 ms
